<?xml version="1.0" encoding="windows-1252" standalone="no"?>
<!DOCTYPE log SYSTEM "logger.dtd">
<log>
<record>
  <date>2017-08-03T10:48:24</date>
  <millis>1501735704723</millis>
  <sequence>0</sequence>
  <logger>org.uma.jmetal.util.JMetalLogger</logger>
  <level>INFO</level>
  <class>org.uma.jmetal.util.JMetalLogger</class>
  <method>configureLoggers</method>
  <thread>1</thread>
  <message>Loggers configured with null</message>
</record>
<record>
  <date>2017-08-03T10:48:24</date>
  <millis>1501735704723</millis>
  <sequence>1</sequence>
  <logger>org.uma.jmetal.util.JMetalLogger</logger>
  <level>INFO</level>
  <class>org.uma.jmetal.algorithm.multiobjective.nsgaiii.NSGAIII</class>
  <method>&lt;init&gt;</method>
  <thread>1</thread>
  <message>rpssize: 13</message>
</record>
<record>
  <date>2017-08-03T10:48:28</date>
  <millis>1501735708033</millis>
  <sequence>2</sequence>
  <logger>org.uma.jmetal.util.JMetalLogger</logger>
  <level>INFO</level>
  <class>org.uma.jmetalmsa.runner.NSGAIIRunnerMAN</class>
  <method>main</method>
  <thread>1</thread>
  <message>Total execution time: 3284ms</message>
</record>
</log>
