<?xml version="1.0" encoding="UTF-8" standalone="no"?>
<!DOCTYPE log SYSTEM "logger.dtd">
<log>
<record>
  <date>2019-03-26T14:52:25</date>
  <millis>1553590345352</millis>
  <sequence>1</sequence>
  <logger>org.uma.jmetal.util.JMetalLogger</logger>
  <level>INFO</level>
  <class>org.uma.jmetal.util.JMetalLogger</class>
  <method>configureLoggers</method>
  <thread>1</thread>
  <message>Loggers configured with config.properties</message>
</record>
<record>
  <date>2019-03-26T14:52:26</date>
  <millis>1553590346126</millis>
  <sequence>2</sequence>
  <logger>org.uma.jmetal.util.JMetalLogger</logger>
  <level>INFO</level>
  <class>org.uma.jmetal.util.experiment.component.ExecuteAlgorithms</class>
  <method>run</method>
  <thread>1</thread>
  <message>ExecuteAlgorithms: Preparing output directory</message>
</record>
<record>
  <date>2019-03-26T14:52:26</date>
  <millis>1553590346137</millis>
  <sequence>3</sequence>
  <logger>org.uma.jmetal.util.JMetalLogger</logger>
  <level>INFO</level>
  <class>org.uma.jmetalmsa.experiment.ExperimentAlgorithmMSA</class>
  <method>runAlgorithm</method>
  <thread>1</thread>
  <message> Running algorithm: NSGAII, problem: BB11025, run: 0, funFile: experiment/IEEE_TEVC_Study_Balibase_GapSOP/data/NSGAII/BB11025/FUN0.tsv</message>
</record>
<record>
  <date>2019-03-26T14:52:26</date>
  <millis>1553590346137</millis>
  <sequence>9</sequence>
  <logger>org.uma.jmetal.util.JMetalLogger</logger>
  <level>INFO</level>
  <class>org.uma.jmetalmsa.experiment.ExperimentAlgorithmMSA</class>
  <method>runAlgorithm</method>
  <thread>17</thread>
  <message> Running algorithm: NSGAII, problem: BB11008, run: 0, funFile: experiment/IEEE_TEVC_Study_Balibase_GapSOP/data/NSGAII/BB11008/FUN0.tsv</message>
</record>
<record>
  <date>2019-03-26T14:52:26</date>
  <millis>1553590346137</millis>
  <sequence>8</sequence>
  <logger>org.uma.jmetal.util.JMetalLogger</logger>
  <level>INFO</level>
  <class>org.uma.jmetalmsa.experiment.ExperimentAlgorithmMSA</class>
  <method>runAlgorithm</method>
  <thread>13</thread>
  <message> Running algorithm: NSGAII, problem: BB11035, run: 0, funFile: experiment/IEEE_TEVC_Study_Balibase_GapSOP/data/NSGAII/BB11035/FUN0.tsv</message>
</record>
<record>
  <date>2019-03-26T14:52:26</date>
  <millis>1553590346137</millis>
  <sequence>7</sequence>
  <logger>org.uma.jmetal.util.JMetalLogger</logger>
  <level>INFO</level>
  <class>org.uma.jmetalmsa.experiment.ExperimentAlgorithmMSA</class>
  <method>runAlgorithm</method>
  <thread>16</thread>
  <message> Running algorithm: NSGAII, problem: BB11003, run: 0, funFile: experiment/IEEE_TEVC_Study_Balibase_GapSOP/data/NSGAII/BB11003/FUN0.tsv</message>
</record>
<record>
  <date>2019-03-26T14:52:26</date>
  <millis>1553590346137</millis>
  <sequence>5</sequence>
  <logger>org.uma.jmetal.util.JMetalLogger</logger>
  <level>INFO</level>
  <class>org.uma.jmetalmsa.experiment.ExperimentAlgorithmMSA</class>
  <method>runAlgorithm</method>
  <thread>14</thread>
  <message> Running algorithm: NSGAII, problem: BB11006, run: 0, funFile: experiment/IEEE_TEVC_Study_Balibase_GapSOP/data/NSGAII/BB11006/FUN0.tsv</message>
</record>
<record>
  <date>2019-03-26T14:52:26</date>
  <millis>1553590346137</millis>
  <sequence>6</sequence>
  <logger>org.uma.jmetal.util.JMetalLogger</logger>
  <level>INFO</level>
  <class>org.uma.jmetalmsa.experiment.ExperimentAlgorithmMSA</class>
  <method>runAlgorithm</method>
  <thread>12</thread>
  <message> Running algorithm: NSGAII, problem: BB11012, run: 0, funFile: experiment/IEEE_TEVC_Study_Balibase_GapSOP/data/NSGAII/BB11012/FUN0.tsv</message>
</record>
<record>
  <date>2019-03-26T14:52:26</date>
  <millis>1553590346137</millis>
  <sequence>4</sequence>
  <logger>org.uma.jmetal.util.JMetalLogger</logger>
  <level>INFO</level>
  <class>org.uma.jmetalmsa.experiment.ExperimentAlgorithmMSA</class>
  <method>runAlgorithm</method>
  <thread>15</thread>
  <message> Running algorithm: NSGAII, problem: BB11031, run: 0, funFile: experiment/IEEE_TEVC_Study_Balibase_GapSOP/data/NSGAII/BB11031/FUN0.tsv</message>
</record>
<record>
  <date>2019-03-26T14:52:26</date>
  <millis>1553590346137</millis>
  <sequence>10</sequence>
  <logger>org.uma.jmetal.util.JMetalLogger</logger>
  <level>INFO</level>
  <class>org.uma.jmetalmsa.experiment.ExperimentAlgorithmMSA</class>
  <method>runAlgorithm</method>
  <thread>18</thread>
  <message> Running algorithm: NSGAII, problem: BB11017, run: 0, funFile: experiment/IEEE_TEVC_Study_Balibase_GapSOP/data/NSGAII/BB11017/FUN0.tsv</message>
</record>
<record>
  <date>2019-03-26T14:52:31</date>
  <millis>1553590351743</millis>
  <sequence>11</sequence>
  <logger>org.uma.jmetal.util.JMetalLogger</logger>
  <level>INFO</level>
  <class>org.uma.jmetalmsa.experiment.ExperimentAlgorithmMSA</class>
  <method>runAlgorithm</method>
  <thread>1</thread>
  <message> Running algorithm: NSGAII, problem: BB11024, run: 0, funFile: experiment/IEEE_TEVC_Study_Balibase_GapSOP/data/NSGAII/BB11024/FUN0.tsv</message>
</record>
<record>
  <date>2019-03-26T14:52:33</date>
  <millis>1553590353003</millis>
  <sequence>12</sequence>
  <logger>org.uma.jmetal.util.JMetalLogger</logger>
  <level>INFO</level>
  <class>org.uma.jmetalmsa.experiment.ExperimentAlgorithmMSA</class>
  <method>runAlgorithm</method>
  <thread>13</thread>
  <message> Running algorithm: NSGAII, problem: BB11034, run: 0, funFile: experiment/IEEE_TEVC_Study_Balibase_GapSOP/data/NSGAII/BB11034/FUN0.tsv</message>
</record>
<record>
  <date>2019-03-26T14:52:33</date>
  <millis>1553590353660</millis>
  <sequence>13</sequence>
  <logger>org.uma.jmetal.util.JMetalLogger</logger>
  <level>INFO</level>
  <class>org.uma.jmetalmsa.experiment.ExperimentAlgorithmMSA</class>
  <method>runAlgorithm</method>
  <thread>18</thread>
  <message> Running algorithm: NSGAII, problem: BB11019, run: 0, funFile: experiment/IEEE_TEVC_Study_Balibase_GapSOP/data/NSGAII/BB11019/FUN0.tsv</message>
</record>
<record>
  <date>2019-03-26T14:52:34</date>
  <millis>1553590354572</millis>
  <sequence>14</sequence>
  <logger>org.uma.jmetal.util.JMetalLogger</logger>
  <level>INFO</level>
  <class>org.uma.jmetalmsa.experiment.ExperimentAlgorithmMSA</class>
  <method>runAlgorithm</method>
  <thread>12</thread>
  <message> Running algorithm: NSGAII, problem: BB11014, run: 0, funFile: experiment/IEEE_TEVC_Study_Balibase_GapSOP/data/NSGAII/BB11014/FUN0.tsv</message>
</record>
<record>
  <date>2019-03-26T14:52:36</date>
  <millis>1553590356265</millis>
  <sequence>15</sequence>
  <logger>org.uma.jmetal.util.JMetalLogger</logger>
  <level>INFO</level>
  <class>org.uma.jmetalmsa.experiment.ExperimentAlgorithmMSA</class>
  <method>runAlgorithm</method>
  <thread>16</thread>
  <message> Running algorithm: NSGAII, problem: BB11004, run: 0, funFile: experiment/IEEE_TEVC_Study_Balibase_GapSOP/data/NSGAII/BB11004/FUN0.tsv</message>
</record>
<record>
  <date>2019-03-26T14:52:38</date>
  <millis>1553590358414</millis>
  <sequence>16</sequence>
  <logger>org.uma.jmetal.util.JMetalLogger</logger>
  <level>INFO</level>
  <class>org.uma.jmetalmsa.experiment.ExperimentAlgorithmMSA</class>
  <method>runAlgorithm</method>
  <thread>17</thread>
  <message> Running algorithm: NSGAII, problem: BB11009, run: 0, funFile: experiment/IEEE_TEVC_Study_Balibase_GapSOP/data/NSGAII/BB11009/FUN0.tsv</message>
</record>
<record>
  <date>2019-03-26T14:52:38</date>
  <millis>1553590358689</millis>
  <sequence>17</sequence>
  <logger>org.uma.jmetal.util.JMetalLogger</logger>
  <level>INFO</level>
  <class>org.uma.jmetalmsa.experiment.ExperimentAlgorithmMSA</class>
  <method>runAlgorithm</method>
  <thread>1</thread>
  <message> Running algorithm: NSGAII, problem: BB11027, run: 0, funFile: experiment/IEEE_TEVC_Study_Balibase_GapSOP/data/NSGAII/BB11027/FUN0.tsv</message>
</record>
<record>
  <date>2019-03-26T14:52:42</date>
  <millis>1553590362724</millis>
  <sequence>18</sequence>
  <logger>org.uma.jmetal.util.JMetalLogger</logger>
  <level>INFO</level>
  <class>org.uma.jmetalmsa.experiment.ExperimentAlgorithmMSA</class>
  <method>runAlgorithm</method>
  <thread>16</thread>
  <message> Running algorithm: NSGAII, problem: BB11002, run: 0, funFile: experiment/IEEE_TEVC_Study_Balibase_GapSOP/data/NSGAII/BB11002/FUN0.tsv</message>
</record>
<record>
  <date>2019-03-26T14:52:43</date>
  <millis>1553590363076</millis>
  <sequence>19</sequence>
  <logger>org.uma.jmetal.util.JMetalLogger</logger>
  <level>INFO</level>
  <class>org.uma.jmetalmsa.experiment.ExperimentAlgorithmMSA</class>
  <method>runAlgorithm</method>
  <thread>17</thread>
  <message> Running algorithm: NSGAII, problem: BB11007, run: 0, funFile: experiment/IEEE_TEVC_Study_Balibase_GapSOP/data/NSGAII/BB11007/FUN0.tsv</message>
</record>
<record>
  <date>2019-03-26T14:52:44</date>
  <millis>1553590364965</millis>
  <sequence>20</sequence>
  <logger>org.uma.jmetal.util.JMetalLogger</logger>
  <level>INFO</level>
  <class>org.uma.jmetalmsa.experiment.ExperimentAlgorithmMSA</class>
  <method>runAlgorithm</method>
  <thread>14</thread>
  <message> Running algorithm: NSGAII, problem: BB11005, run: 0, funFile: experiment/IEEE_TEVC_Study_Balibase_GapSOP/data/NSGAII/BB11005/FUN0.tsv</message>
</record>
<record>
  <date>2019-03-26T14:52:50</date>
  <millis>1553590370796</millis>
  <sequence>21</sequence>
  <logger>org.uma.jmetal.util.JMetalLogger</logger>
  <level>INFO</level>
  <class>org.uma.jmetalmsa.experiment.ExperimentAlgorithmMSA</class>
  <method>runAlgorithm</method>
  <thread>12</thread>
  <message> Running algorithm: NSGAII, problem: BB11013, run: 0, funFile: experiment/IEEE_TEVC_Study_Balibase_GapSOP/data/NSGAII/BB11013/FUN0.tsv</message>
</record>
<record>
  <date>2019-03-26T14:52:51</date>
  <millis>1553590371391</millis>
  <sequence>22</sequence>
  <logger>org.uma.jmetal.util.JMetalLogger</logger>
  <level>INFO</level>
  <class>org.uma.jmetalmsa.experiment.ExperimentAlgorithmMSA</class>
  <method>runAlgorithm</method>
  <thread>1</thread>
  <message> Running algorithm: NSGAII, problem: BB11028, run: 0, funFile: experiment/IEEE_TEVC_Study_Balibase_GapSOP/data/NSGAII/BB11028/FUN0.tsv</message>
</record>
<record>
  <date>2019-03-26T14:52:51</date>
  <millis>1553590371814</millis>
  <sequence>23</sequence>
  <logger>org.uma.jmetal.util.JMetalLogger</logger>
  <level>INFO</level>
  <class>org.uma.jmetalmsa.experiment.ExperimentAlgorithmMSA</class>
  <method>runAlgorithm</method>
  <thread>16</thread>
  <message> Running algorithm: NSGAII, problem: BB11001, run: 0, funFile: experiment/IEEE_TEVC_Study_Balibase_GapSOP/data/NSGAII/BB11001/FUN0.tsv</message>
</record>
<record>
  <date>2019-03-26T14:52:53</date>
  <millis>1553590373469</millis>
  <sequence>24</sequence>
  <logger>org.uma.jmetal.util.JMetalLogger</logger>
  <level>INFO</level>
  <class>org.uma.jmetalmsa.experiment.ExperimentAlgorithmMSA</class>
  <method>runAlgorithm</method>
  <thread>16</thread>
  <message> Running algorithm: NSGAII, problem: BB11016, run: 0, funFile: experiment/IEEE_TEVC_Study_Balibase_GapSOP/data/NSGAII/BB11016/FUN0.tsv</message>
</record>
<record>
  <date>2019-03-26T14:53:04</date>
  <millis>1553590384084</millis>
  <sequence>25</sequence>
  <logger>org.uma.jmetal.util.JMetalLogger</logger>
  <level>INFO</level>
  <class>org.uma.jmetalmsa.experiment.ExperimentAlgorithmMSA</class>
  <method>runAlgorithm</method>
  <thread>18</thread>
  <message> Running algorithm: NSGAII, problem: BB11018, run: 0, funFile: experiment/IEEE_TEVC_Study_Balibase_GapSOP/data/NSGAII/BB11018/FUN0.tsv</message>
</record>
<record>
  <date>2019-03-26T14:53:05</date>
  <millis>1553590385678</millis>
  <sequence>26</sequence>
  <logger>org.uma.jmetal.util.JMetalLogger</logger>
  <level>INFO</level>
  <class>org.uma.jmetalmsa.experiment.ExperimentAlgorithmMSA</class>
  <method>runAlgorithm</method>
  <thread>13</thread>
  <message> Running algorithm: NSGAII, problem: BB11037, run: 0, funFile: experiment/IEEE_TEVC_Study_Balibase_GapSOP/data/NSGAII/BB11037/FUN0.tsv</message>
</record>
<record>
  <date>2019-03-26T14:53:10</date>
  <millis>1553590390411</millis>
  <sequence>27</sequence>
  <logger>org.uma.jmetal.util.JMetalLogger</logger>
  <level>INFO</level>
  <class>org.uma.jmetalmsa.experiment.ExperimentAlgorithmMSA</class>
  <method>runAlgorithm</method>
  <thread>17</thread>
  <message> Running algorithm: NSGAII, problem: BB11036, run: 0, funFile: experiment/IEEE_TEVC_Study_Balibase_GapSOP/data/NSGAII/BB11036/FUN0.tsv</message>
</record>
<record>
  <date>2019-03-26T14:53:12</date>
  <millis>1553590392753</millis>
  <sequence>28</sequence>
  <logger>org.uma.jmetal.util.JMetalLogger</logger>
  <level>INFO</level>
  <class>org.uma.jmetalmsa.experiment.ExperimentAlgorithmMSA</class>
  <method>runAlgorithm</method>
  <thread>1</thread>
  <message> Running algorithm: NSGAII, problem: BB11026, run: 0, funFile: experiment/IEEE_TEVC_Study_Balibase_GapSOP/data/NSGAII/BB11026/FUN0.tsv</message>
</record>
<record>
  <date>2019-03-26T14:53:19</date>
  <millis>1553590399946</millis>
  <sequence>29</sequence>
  <logger>org.uma.jmetal.util.JMetalLogger</logger>
  <level>INFO</level>
  <class>org.uma.jmetalmsa.experiment.ExperimentAlgorithmMSA</class>
  <method>runAlgorithm</method>
  <thread>15</thread>
  <message> Running algorithm: NSGAII, problem: BB11033, run: 0, funFile: experiment/IEEE_TEVC_Study_Balibase_GapSOP/data/NSGAII/BB11033/FUN0.tsv</message>
</record>
<record>
  <date>2019-03-26T14:53:23</date>
  <millis>1553590403927</millis>
  <sequence>30</sequence>
  <logger>org.uma.jmetal.util.JMetalLogger</logger>
  <level>INFO</level>
  <class>org.uma.jmetalmsa.experiment.ExperimentAlgorithmMSA</class>
  <method>runAlgorithm</method>
  <thread>13</thread>
  <message> Running algorithm: NSGAII, problem: BB11038, run: 0, funFile: experiment/IEEE_TEVC_Study_Balibase_GapSOP/data/NSGAII/BB11038/FUN0.tsv</message>
</record>
<record>
  <date>2019-03-26T14:53:24</date>
  <millis>1553590404574</millis>
  <sequence>31</sequence>
  <logger>org.uma.jmetal.util.JMetalLogger</logger>
  <level>INFO</level>
  <class>org.uma.jmetalmsa.experiment.ExperimentAlgorithmMSA</class>
  <method>runAlgorithm</method>
  <thread>16</thread>
  <message> Running algorithm: NSGAII, problem: BB11015, run: 0, funFile: experiment/IEEE_TEVC_Study_Balibase_GapSOP/data/NSGAII/BB11015/FUN0.tsv</message>
</record>
<record>
  <date>2019-03-26T14:53:28</date>
  <millis>1553590408778</millis>
  <sequence>32</sequence>
  <logger>org.uma.jmetal.util.JMetalLogger</logger>
  <level>INFO</level>
  <class>org.uma.jmetalmsa.experiment.ExperimentAlgorithmMSA</class>
  <method>runAlgorithm</method>
  <thread>16</thread>
  <message> Running algorithm: NSGAII, problem: BB11030, run: 0, funFile: experiment/IEEE_TEVC_Study_Balibase_GapSOP/data/NSGAII/BB11030/FUN0.tsv</message>
</record>
<record>
  <date>2019-03-26T14:53:29</date>
  <millis>1553590409884</millis>
  <sequence>33</sequence>
  <logger>org.uma.jmetal.util.JMetalLogger</logger>
  <level>INFO</level>
  <class>org.uma.jmetalmsa.experiment.ExperimentAlgorithmMSA</class>
  <method>runAlgorithm</method>
  <thread>17</thread>
  <message> Running algorithm: NSGAII, problem: BB11032, run: 0, funFile: experiment/IEEE_TEVC_Study_Balibase_GapSOP/data/NSGAII/BB11032/FUN0.tsv</message>
</record>
<record>
  <date>2019-03-26T14:53:41</date>
  <millis>1553590421581</millis>
  <sequence>34</sequence>
  <logger>org.uma.jmetal.util.JMetalLogger</logger>
  <level>INFO</level>
  <class>org.uma.jmetalmsa.experiment.ExperimentAlgorithmMSA</class>
  <method>runAlgorithm</method>
  <thread>1</thread>
  <message> Running algorithm: NSGAII, problem: BB11022, run: 0, funFile: experiment/IEEE_TEVC_Study_Balibase_GapSOP/data/NSGAII/BB11022/FUN0.tsv</message>
</record>
<record>
  <date>2019-03-26T14:53:44</date>
  <millis>1553590424642</millis>
  <sequence>35</sequence>
  <logger>org.uma.jmetal.util.JMetalLogger</logger>
  <level>INFO</level>
  <class>org.uma.jmetalmsa.experiment.ExperimentAlgorithmMSA</class>
  <method>runAlgorithm</method>
  <thread>1</thread>
  <message> Running algorithm: NSGAII, problem: BB11023, run: 0, funFile: experiment/IEEE_TEVC_Study_Balibase_GapSOP/data/NSGAII/BB11023/FUN0.tsv</message>
</record>
<record>
  <date>2019-03-26T14:53:45</date>
  <millis>1553590425797</millis>
  <sequence>36</sequence>
  <logger>org.uma.jmetal.util.JMetalLogger</logger>
  <level>INFO</level>
  <class>org.uma.jmetalmsa.experiment.ExperimentAlgorithmMSA</class>
  <method>runAlgorithm</method>
  <thread>15</thread>
  <message> Running algorithm: NSGAII, problem: BB11021, run: 0, funFile: experiment/IEEE_TEVC_Study_Balibase_GapSOP/data/NSGAII/BB11021/FUN0.tsv</message>
</record>
<record>
  <date>2019-03-26T14:53:49</date>
  <millis>1553590429022</millis>
  <sequence>37</sequence>
  <logger>org.uma.jmetal.util.JMetalLogger</logger>
  <level>INFO</level>
  <class>org.uma.jmetalmsa.experiment.ExperimentAlgorithmMSA</class>
  <method>runAlgorithm</method>
  <thread>15</thread>
  <message> Running algorithm: NSGAII, problem: BB11020, run: 0, funFile: experiment/IEEE_TEVC_Study_Balibase_GapSOP/data/NSGAII/BB11020/FUN0.tsv</message>
</record>
<record>
  <date>2019-03-26T14:53:51</date>
  <millis>1553590431214</millis>
  <sequence>38</sequence>
  <logger>org.uma.jmetal.util.JMetalLogger</logger>
  <level>INFO</level>
  <class>org.uma.jmetalmsa.experiment.ExperimentAlgorithmMSA</class>
  <method>runAlgorithm</method>
  <thread>17</thread>
  <message> Running algorithm: NSGAII, problem: BB11029, run: 0, funFile: experiment/IEEE_TEVC_Study_Balibase_GapSOP/data/NSGAII/BB11029/FUN0.tsv</message>
</record>
<record>
  <date>2019-03-26T14:53:52</date>
  <millis>1553590432629</millis>
  <sequence>39</sequence>
  <logger>org.uma.jmetal.util.JMetalLogger</logger>
  <level>INFO</level>
  <class>org.uma.jmetalmsa.experiment.ExperimentAlgorithmMSA</class>
  <method>runAlgorithm</method>
  <thread>13</thread>
  <message> Running algorithm: NSGAII, problem: BB11011, run: 0, funFile: experiment/IEEE_TEVC_Study_Balibase_GapSOP/data/NSGAII/BB11011/FUN0.tsv</message>
</record>
<record>
  <date>2019-03-26T14:53:53</date>
  <millis>1553590433335</millis>
  <sequence>40</sequence>
  <logger>org.uma.jmetal.util.JMetalLogger</logger>
  <level>INFO</level>
  <class>org.uma.jmetalmsa.experiment.ExperimentAlgorithmMSA</class>
  <method>runAlgorithm</method>
  <thread>17</thread>
  <message> Running algorithm: NSGAII, problem: BB11010, run: 0, funFile: experiment/IEEE_TEVC_Study_Balibase_GapSOP/data/NSGAII/BB11010/FUN0.tsv</message>
</record>
</log>
